\BOOKMARK [1][-]{section.1}{Introduzione}{}% 1
\BOOKMARK [2][-]{subsection.1.1}{Scopo del documento}{section.1}% 2
\BOOKMARK [2][-]{subsection.1.2}{Scopo del progetto}{section.1}% 3
\BOOKMARK [2][-]{subsection.1.3}{Note esplicative}{section.1}% 4
\BOOKMARK [2][-]{subsection.1.4}{Riferimenti}{section.1}% 5
\BOOKMARK [3][-]{subsubsection.1.4.1}{Riferimenti Normativi}{subsection.1.4}% 6
\BOOKMARK [3][-]{subsubsection.1.4.2}{Riferimenti Informativi}{subsection.1.4}% 7
\BOOKMARK [2][-]{subsection.1.5}{Scadenze}{section.1}% 8
\BOOKMARK [1][-]{section.2}{Analisi dei rischi}{}% 9
\BOOKMARK [1][-]{section.3}{Modello di sviluppo}{}% 10
\BOOKMARK [2][-]{subsection.3.1}{Modello Incrementale}{section.3}% 11
\BOOKMARK [1][-]{section.4}{Pianificazione}{}% 12
\BOOKMARK [2][-]{subsection.4.1}{Attivit\340 preliminari di analisi}{section.4}% 13
\BOOKMARK [2][-]{subsection.4.2}{Progettazione architetturale}{section.4}% 14
\BOOKMARK [2][-]{subsection.4.3}{Progettazione di dettaglio e codifica}{section.4}% 15
\BOOKMARK [2][-]{subsection.4.4}{Validazione e collaudo}{section.4}% 16
\BOOKMARK [1][-]{section.5}{Preventivo}{}% 17
\BOOKMARK [2][-]{subsection.5.1}{Attivit\340 preliminari di analisi}{section.5}% 18
\BOOKMARK [3][-]{subsubsection.5.1.1}{prospetto orario}{subsection.5.1}% 19
\BOOKMARK [3][-]{subsubsection.5.1.2}{conteggio ore}{subsection.5.1}% 20
\BOOKMARK [2][-]{subsection.5.2}{Consolidamento dei requisiti}{section.5}% 21
\BOOKMARK [3][-]{subsubsection.5.2.1}{prospetto orario}{subsection.5.2}% 22
\BOOKMARK [3][-]{subsubsection.5.2.2}{conteggio ore}{subsection.5.2}% 23
\BOOKMARK [2][-]{subsection.5.3}{Progettazione di dettaglio e codifica}{section.5}% 24
\BOOKMARK [3][-]{subsubsection.5.3.1}{prospetto orario}{subsection.5.3}% 25
\BOOKMARK [3][-]{subsubsection.5.3.2}{conteggio ore}{subsection.5.3}% 26
\BOOKMARK [2][-]{subsection.5.4}{Validazione e collaudo}{section.5}% 27
\BOOKMARK [3][-]{subsubsection.5.4.1}{prospetto orario}{subsection.5.4}% 28
\BOOKMARK [3][-]{subsubsection.5.4.2}{conteggio ore}{subsection.5.4}% 29
\BOOKMARK [1][-]{section.6}{consuntivo e preventivo a finire}{}% 30
