This is pdfTeX, Version 3.14159265-2.6-1.40.16 (TeX Live 2015/Debian) (preloaded format=pdflatex 2017.8.31)  9 JAN 2019 14:30
entering extended mode
 restricted \write18 enabled.
 %&-line parsing enabled.
**PianoDiProgetto.tex
(./PianoDiProgetto.tex
LaTeX2e <2016/02/01>
Babel <3.9q> and hyphenation patterns for 81 language(s) loaded.
(/usr/share/texlive/texmf-dist/tex/latex/base/article.cls
Document Class: article 2014/09/29 v1.4h Standard LaTeX document class
(/usr/share/texlive/texmf-dist/tex/latex/base/size12.clo
File: size12.clo 2014/09/29 v1.4h Standard LaTeX file (size option)
)
\c@part=\count79
\c@section=\count80
\c@subsection=\count81
\c@subsubsection=\count82
\c@paragraph=\count83
\c@subparagraph=\count84
\c@figure=\count85
\c@table=\count86
\abovecaptionskip=\skip41
\belowcaptionskip=\skip42
\bibindent=\dimen102
)
(../../stile/stile.tex
(/usr/share/texlive/texmf-dist/tex/latex/fancyhdr/fancyhdr.sty
\fancy@headwidth=\skip43
\f@ncyO@elh=\skip44
\f@ncyO@erh=\skip45
\f@ncyO@olh=\skip46
\f@ncyO@orh=\skip47
\f@ncyO@elf=\skip48
\f@ncyO@erf=\skip49
\f@ncyO@olf=\skip50
\f@ncyO@orf=\skip51
)
(/usr/share/texlive/texmf-dist/tex/latex/titling/titling.sty
Package: titling 2009/09/04 v2.1d maketitle typesetting
\thanksmarkwidth=\skip52
\thanksmargin=\skip53
\droptitle=\skip54
)
(/usr/share/texlive/texmf-dist/tex/latex/caption/caption.sty
Package: caption 2016/02/21 v3.3-144 Customizing captions (AR)

(/usr/share/texlive/texmf-dist/tex/latex/caption/caption3.sty
Package: caption3 2016/02/04 v1.7-139 caption3 kernel (AR)
Package caption3 Info: TeX engine: e-TeX on input line 67.

(/usr/share/texlive/texmf-dist/tex/latex/graphics/keyval.sty
Package: keyval 2014/10/28 v1.15 key=value parser (DPC)
\KV@toks@=\toks14
)
\captionmargin=\dimen103
\captionmargin@=\dimen104
\captionwidth=\dimen105
\caption@tempdima=\dimen106
\caption@indent=\dimen107
\caption@parindent=\dimen108
\caption@hangindent=\dimen109
)
\c@ContinuedFloat=\count87
)
(/usr/share/texlive/texmf-dist/tex/latex/multirow/multirow.sty
\bigstrutjot=\dimen110
)
(/usr/share/texlive/texmf-dist/tex/latex/tools/tabularx.sty
Package: tabularx 2014/10/28 v2.10 `tabularx' package (DPC)

(/usr/share/texlive/texmf-dist/tex/latex/tools/array.sty
Package: array 2014/10/28 v2.4c Tabular extension package (FMi)
\col@sep=\dimen111
\extrarowheight=\dimen112
\NC@list=\toks15
\extratabsurround=\skip55
\backup@length=\skip56
)
\TX@col@width=\dimen113
\TX@old@table=\dimen114
\TX@old@col=\dimen115
\TX@target=\dimen116
\TX@delta=\dimen117
\TX@cols=\count88
\TX@ftn=\toks16
)
(/usr/share/texlive/texmf-dist/tex/latex/base/fontenc.sty
Package: fontenc 2005/09/27 v1.99g Standard LaTeX package

(/usr/share/texlive/texmf-dist/tex/latex/base/t1enc.def
File: t1enc.def 2005/09/27 v1.99g Standard LaTeX file
LaTeX Font Info:    Redeclaring font encoding T1 on input line 48.
))
(/usr/share/texlive/texmf-dist/tex/latex/base/inputenc.sty
Package: inputenc 2015/03/17 v1.2c Input encoding file
\inpenc@prehook=\toks17
\inpenc@posthook=\toks18

(/usr/share/texlive/texmf-dist/tex/latex/base/utf8.def
File: utf8.def 2015/12/03 v1.1r UTF-8 support for inputenc
Now handling font encoding OML ...
... no UTF-8 mapping file for font encoding OML
Now handling font encoding T1 ...
... processing UTF-8 mapping file for font encoding T1

(/usr/share/texlive/texmf-dist/tex/latex/base/t1enc.dfu
File: t1enc.dfu 2015/12/03 v1.1r UTF-8 support for inputenc
   defining Unicode char U+00A0 (decimal 160)
   defining Unicode char U+00A1 (decimal 161)
   defining Unicode char U+00A3 (decimal 163)
   defining Unicode char U+00AB (decimal 171)
   defining Unicode char U+00AD (decimal 173)
   defining Unicode char U+00BB (decimal 187)
   defining Unicode char U+00BF (decimal 191)
   defining Unicode char U+00C0 (decimal 192)
   defining Unicode char U+00C1 (decimal 193)
   defining Unicode char U+00C2 (decimal 194)
   defining Unicode char U+00C3 (decimal 195)
   defining Unicode char U+00C4 (decimal 196)
   defining Unicode char U+00C5 (decimal 197)
   defining Unicode char U+00C6 (decimal 198)
   defining Unicode char U+00C7 (decimal 199)
   defining Unicode char U+00C8 (decimal 200)
   defining Unicode char U+00C9 (decimal 201)
   defining Unicode char U+00CA (decimal 202)
   defining Unicode char U+00CB (decimal 203)
   defining Unicode char U+00CC (decimal 204)
   defining Unicode char U+00CD (decimal 205)
   defining Unicode char U+00CE (decimal 206)
   defining Unicode char U+00CF (decimal 207)
   defining Unicode char U+00D0 (decimal 208)
   defining Unicode char U+00D1 (decimal 209)
   defining Unicode char U+00D2 (decimal 210)
   defining Unicode char U+00D3 (decimal 211)
   defining Unicode char U+00D4 (decimal 212)
   defining Unicode char U+00D5 (decimal 213)
   defining Unicode char U+00D6 (decimal 214)
   defining Unicode char U+00D8 (decimal 216)
   defining Unicode char U+00D9 (decimal 217)
   defining Unicode char U+00DA (decimal 218)
   defining Unicode char U+00DB (decimal 219)
   defining Unicode char U+00DC (decimal 220)
   defining Unicode char U+00DD (decimal 221)
   defining Unicode char U+00DE (decimal 222)
   defining Unicode char U+00DF (decimal 223)
   defining Unicode char U+00E0 (decimal 224)
   defining Unicode char U+00E1 (decimal 225)
   defining Unicode char U+00E2 (decimal 226)
   defining Unicode char U+00E3 (decimal 227)
   defining Unicode char U+00E4 (decimal 228)
   defining Unicode char U+00E5 (decimal 229)
   defining Unicode char U+00E6 (decimal 230)
   defining Unicode char U+00E7 (decimal 231)
   defining Unicode char U+00E8 (decimal 232)
   defining Unicode char U+00E9 (decimal 233)
   defining Unicode char U+00EA (decimal 234)
   defining Unicode char U+00EB (decimal 235)
   defining Unicode char U+00EC (decimal 236)
   defining Unicode char U+00ED (decimal 237)
   defining Unicode char U+00EE (decimal 238)
   defining Unicode char U+00EF (decimal 239)
   defining Unicode char U+00F0 (decimal 240)
   defining Unicode char U+00F1 (decimal 241)
   defining Unicode char U+00F2 (decimal 242)
   defining Unicode char U+00F3 (decimal 243)
   defining Unicode char U+00F4 (decimal 244)
   defining Unicode char U+00F5 (decimal 245)
   defining Unicode char U+00F6 (decimal 246)
   defining Unicode char U+00F8 (decimal 248)
   defining Unicode char U+00F9 (decimal 249)
   defining Unicode char U+00FA (decimal 250)
   defining Unicode char U+00FB (decimal 251)
   defining Unicode char U+00FC (decimal 252)
   defining Unicode char U+00FD (decimal 253)
   defining Unicode char U+00FE (decimal 254)
   defining Unicode char U+00FF (decimal 255)
   defining Unicode char U+0100 (decimal 256)
   defining Unicode char U+0101 (decimal 257)
   defining Unicode char U+0102 (decimal 258)
   defining Unicode char U+0103 (decimal 259)
   defining Unicode char U+0104 (decimal 260)
   defining Unicode char U+0105 (decimal 261)
   defining Unicode char U+0106 (decimal 262)
   defining Unicode char U+0107 (decimal 263)
   defining Unicode char U+0108 (decimal 264)
   defining Unicode char U+0109 (decimal 265)
   defining Unicode char U+010A (decimal 266)
   defining Unicode char U+010B (decimal 267)
   defining Unicode char U+010C (decimal 268)
   defining Unicode char U+010D (decimal 269)
   defining Unicode char U+010E (decimal 270)
   defining Unicode char U+010F (decimal 271)
   defining Unicode char U+0110 (decimal 272)
   defining Unicode char U+0111 (decimal 273)
   defining Unicode char U+0112 (decimal 274)
   defining Unicode char U+0113 (decimal 275)
   defining Unicode char U+0114 (decimal 276)
   defining Unicode char U+0115 (decimal 277)
   defining Unicode char U+0116 (decimal 278)
   defining Unicode char U+0117 (decimal 279)
   defining Unicode char U+0118 (decimal 280)
   defining Unicode char U+0119 (decimal 281)
   defining Unicode char U+011A (decimal 282)
   defining Unicode char U+011B (decimal 283)
   defining Unicode char U+011C (decimal 284)
   defining Unicode char U+011D (decimal 285)
   defining Unicode char U+011E (decimal 286)
   defining Unicode char U+011F (decimal 287)
   defining Unicode char U+0120 (decimal 288)
   defining Unicode char U+0121 (decimal 289)
   defining Unicode char U+0122 (decimal 290)
   defining Unicode char U+0123 (decimal 291)
   defining Unicode char U+0124 (decimal 292)
   defining Unicode char U+0125 (decimal 293)
   defining Unicode char U+0128 (decimal 296)
   defining Unicode char U+0129 (decimal 297)
   defining Unicode char U+012A (decimal 298)
   defining Unicode char U+012B (decimal 299)
   defining Unicode char U+012C (decimal 300)
   defining Unicode char U+012D (decimal 301)
   defining Unicode char U+012E (decimal 302)
   defining Unicode char U+012F (decimal 303)
   defining Unicode char U+0130 (decimal 304)
   defining Unicode char U+0131 (decimal 305)
   defining Unicode char U+0132 (decimal 306)
   defining Unicode char U+0133 (decimal 307)
   defining Unicode char U+0134 (decimal 308)
   defining Unicode char U+0135 (decimal 309)
   defining Unicode char U+0136 (decimal 310)
   defining Unicode char U+0137 (decimal 311)
   defining Unicode char U+0139 (decimal 313)
   defining Unicode char U+013A (decimal 314)
   defining Unicode char U+013B (decimal 315)
   defining Unicode char U+013C (decimal 316)
   defining Unicode char U+013D (decimal 317)
   defining Unicode char U+013E (decimal 318)
   defining Unicode char U+0141 (decimal 321)
   defining Unicode char U+0142 (decimal 322)
   defining Unicode char U+0143 (decimal 323)
   defining Unicode char U+0144 (decimal 324)
   defining Unicode char U+0145 (decimal 325)
   defining Unicode char U+0146 (decimal 326)
   defining Unicode char U+0147 (decimal 327)
   defining Unicode char U+0148 (decimal 328)
   defining Unicode char U+014A (decimal 330)
   defining Unicode char U+014B (decimal 331)
   defining Unicode char U+014C (decimal 332)
   defining Unicode char U+014D (decimal 333)
   defining Unicode char U+014E (decimal 334)
   defining Unicode char U+014F (decimal 335)
   defining Unicode char U+0150 (decimal 336)
   defining Unicode char U+0151 (decimal 337)
   defining Unicode char U+0152 (decimal 338)
   defining Unicode char U+0153 (decimal 339)
   defining Unicode char U+0154 (decimal 340)
   defining Unicode char U+0155 (decimal 341)
   defining Unicode char U+0156 (decimal 342)
   defining Unicode char U+0157 (decimal 343)
   defining Unicode char U+0158 (decimal 344)
   defining Unicode char U+0159 (decimal 345)
   defining Unicode char U+015A (decimal 346)
   defining Unicode char U+015B (decimal 347)
   defining Unicode char U+015C (decimal 348)
   defining Unicode char U+015D (decimal 349)
   defining Unicode char U+015E (decimal 350)
   defining Unicode char U+015F (decimal 351)
   defining Unicode char U+0160 (decimal 352)
   defining Unicode char U+0161 (decimal 353)
   defining Unicode char U+0162 (decimal 354)
   defining Unicode char U+0163 (decimal 355)
   defining Unicode char U+0164 (decimal 356)
   defining Unicode char U+0165 (decimal 357)
   defining Unicode char U+0168 (decimal 360)
   defining Unicode char U+0169 (decimal 361)
   defining Unicode char U+016A (decimal 362)
   defining Unicode char U+016B (decimal 363)
   defining Unicode char U+016C (decimal 364)
   defining Unicode char U+016D (decimal 365)
   defining Unicode char U+016E (decimal 366)
   defining Unicode char U+016F (decimal 367)
   defining Unicode char U+0170 (decimal 368)
   defining Unicode char U+0171 (decimal 369)
   defining Unicode char U+0172 (decimal 370)
   defining Unicode char U+0173 (decimal 371)
   defining Unicode char U+0174 (decimal 372)
   defining Unicode char U+0175 (decimal 373)
   defining Unicode char U+0176 (decimal 374)
   defining Unicode char U+0177 (decimal 375)
   defining Unicode char U+0178 (decimal 376)
   defining Unicode char U+0179 (decimal 377)
   defining Unicode char U+017A (decimal 378)
   defining Unicode char U+017B (decimal 379)
   defining Unicode char U+017C (decimal 380)
   defining Unicode char U+017D (decimal 381)
   defining Unicode char U+017E (decimal 382)
   defining Unicode char U+01CD (decimal 461)
   defining Unicode char U+01CE (decimal 462)
   defining Unicode char U+01CF (decimal 463)
   defining Unicode char U+01D0 (decimal 464)
   defining Unicode char U+01D1 (decimal 465)
   defining Unicode char U+01D2 (decimal 466)
   defining Unicode char U+01D3 (decimal 467)
   defining Unicode char U+01D4 (decimal 468)
   defining Unicode char U+01E2 (decimal 482)
   defining Unicode char U+01E3 (decimal 483)
   defining Unicode char U+01E6 (decimal 486)
   defining Unicode char U+01E7 (decimal 487)
   defining Unicode char U+01E8 (decimal 488)
   defining Unicode char U+01E9 (decimal 489)
   defining Unicode char U+01EA (decimal 490)
   defining Unicode char U+01EB (decimal 491)
   defining Unicode char U+01F0 (decimal 496)
   defining Unicode char U+01F4 (decimal 500)
   defining Unicode char U+01F5 (decimal 501)
   defining Unicode char U+0218 (decimal 536)
   defining Unicode char U+0219 (decimal 537)
   defining Unicode char U+021A (decimal 538)
   defining Unicode char U+021B (decimal 539)
   defining Unicode char U+01E02 (decimal 7682)
   defining Unicode char U+01E03 (decimal 7683)
   defining Unicode char U+200C (decimal 8204)
   defining Unicode char U+2013 (decimal 8211)
   defining Unicode char U+2014 (decimal 8212)
   defining Unicode char U+2018 (decimal 8216)
   defining Unicode char U+2019 (decimal 8217)
   defining Unicode char U+201A (decimal 8218)
   defining Unicode char U+201C (decimal 8220)
   defining Unicode char U+201D (decimal 8221)
   defining Unicode char U+201E (decimal 8222)
   defining Unicode char U+2030 (decimal 8240)
   defining Unicode char U+2031 (decimal 8241)
   defining Unicode char U+2039 (decimal 8249)
   defining Unicode char U+203A (decimal 8250)
   defining Unicode char U+2423 (decimal 9251)
)
Now handling font encoding OT1 ...
... processing UTF-8 mapping file for font encoding OT1

(/usr/share/texlive/texmf-dist/tex/latex/base/ot1enc.dfu
File: ot1enc.dfu 2015/12/03 v1.1r UTF-8 support for inputenc
   defining Unicode char U+00A0 (decimal 160)
   defining Unicode char U+00A1 (decimal 161)
   defining Unicode char U+00A3 (decimal 163)
   defining Unicode char U+00AD (decimal 173)
   defining Unicode char U+00B8 (decimal 184)
   defining Unicode char U+00BF (decimal 191)
   defining Unicode char U+00C5 (decimal 197)
   defining Unicode char U+00C6 (decimal 198)
   defining Unicode char U+00D8 (decimal 216)
   defining Unicode char U+00DF (decimal 223)
   defining Unicode char U+00E6 (decimal 230)
   defining Unicode char U+00EC (decimal 236)
   defining Unicode char U+00ED (decimal 237)
   defining Unicode char U+00EE (decimal 238)
   defining Unicode char U+00EF (decimal 239)
   defining Unicode char U+00F8 (decimal 248)
   defining Unicode char U+0131 (decimal 305)
   defining Unicode char U+0141 (decimal 321)
   defining Unicode char U+0142 (decimal 322)
   defining Unicode char U+0152 (decimal 338)
   defining Unicode char U+0153 (decimal 339)
   defining Unicode char U+0174 (decimal 372)
   defining Unicode char U+0175 (decimal 373)
   defining Unicode char U+0176 (decimal 374)
   defining Unicode char U+0177 (decimal 375)
   defining Unicode char U+0218 (decimal 536)
   defining Unicode char U+0219 (decimal 537)
   defining Unicode char U+021A (decimal 538)
   defining Unicode char U+021B (decimal 539)
   defining Unicode char U+2013 (decimal 8211)
   defining Unicode char U+2014 (decimal 8212)
   defining Unicode char U+2018 (decimal 8216)
   defining Unicode char U+2019 (decimal 8217)
   defining Unicode char U+201C (decimal 8220)
   defining Unicode char U+201D (decimal 8221)
)
Now handling font encoding OMS ...
... processing UTF-8 mapping file for font encoding OMS

(/usr/share/texlive/texmf-dist/tex/latex/base/omsenc.dfu
File: omsenc.dfu 2015/12/03 v1.1r UTF-8 support for inputenc
   defining Unicode char U+00A7 (decimal 167)
   defining Unicode char U+00B6 (decimal 182)
   defining Unicode char U+00B7 (decimal 183)
   defining Unicode char U+2020 (decimal 8224)
   defining Unicode char U+2021 (decimal 8225)
   defining Unicode char U+2022 (decimal 8226)
)
Now handling font encoding OMX ...
... no UTF-8 mapping file for font encoding OMX
Now handling font encoding U ...
... no UTF-8 mapping file for font encoding U
   defining Unicode char U+00A9 (decimal 169)
   defining Unicode char U+00AA (decimal 170)
   defining Unicode char U+00AE (decimal 174)
   defining Unicode char U+00BA (decimal 186)
   defining Unicode char U+02C6 (decimal 710)
   defining Unicode char U+02DC (decimal 732)
   defining Unicode char U+200C (decimal 8204)
   defining Unicode char U+2026 (decimal 8230)
   defining Unicode char U+2122 (decimal 8482)
   defining Unicode char U+2423 (decimal 9251)
))
(/usr/share/texlive/texmf-dist/tex/generic/babel/babel.sty
Package: babel 2016/02/24 3.9q The Babel package

(/usr/share/texlive/texmf-dist/tex/generic/babel-italian/italian.ldf
Language: italian 2015/03/26 v1.3n Italian support from the babel system

(/usr/share/texlive/texmf-dist/tex/generic/babel/babel.def
File: babel.def 2016/02/24 3.9q Babel common definitions
\babel@savecnt=\count89
\U@D=\dimen118
)
\it@lettering=\count90
\it@doublequoteactive=\count91
\it@ISOcompliance=\count92
))
(/usr/share/texlive/texmf-dist/tex/latex/etoolbox/etoolbox.sty
Package: etoolbox 2015/08/02 v2.2a e-TeX tools for LaTeX (JAW)
\etb@tempcnta=\count93
)
(/usr/share/texlive/texmf-dist/tex/latex/lastpage/lastpage.sty
Package: lastpage 2015/03/29 v1.2m Refers to last page's name (HMM; JPG)
)
(/usr/share/texlive/texmf-dist/tex/latex/nopageno/nopageno.sty
Package: nopageno 1989/01/01 no page numbers (DPC)
)
(/usr/share/texlive/texmf-dist/tex/latex/graphics/graphicx.sty
Package: graphicx 2014/10/28 v1.0g Enhanced LaTeX Graphics (DPC,SPQR)

(/usr/share/texlive/texmf-dist/tex/latex/graphics/graphics.sty
Package: graphics 2016/01/03 v1.0q Standard LaTeX Graphics (DPC,SPQR)

(/usr/share/texlive/texmf-dist/tex/latex/graphics/trig.sty
Package: trig 2016/01/03 v1.10 sin cos tan (DPC)
)
(/usr/share/texlive/texmf-dist/tex/latex/latexconfig/graphics.cfg
File: graphics.cfg 2010/04/23 v1.9 graphics configuration of TeX Live
)
Package graphics Info: Driver file: pdftex.def on input line 95.

(/usr/share/texlive/texmf-dist/tex/latex/pdftex-def/pdftex.def
File: pdftex.def 2011/05/27 v0.06d Graphics/color for pdfTeX

(/usr/share/texlive/texmf-dist/tex/generic/oberdiek/infwarerr.sty
Package: infwarerr 2010/04/08 v1.3 Providing info/warning/error messages (HO)
)
(/usr/share/texlive/texmf-dist/tex/generic/oberdiek/ltxcmds.sty
Package: ltxcmds 2011/11/09 v1.22 LaTeX kernel commands for general use (HO)
)
\Gread@gobject=\count94
))
\Gin@req@height=\dimen119
\Gin@req@width=\dimen120
)
(/usr/share/texlive/texmf-dist/tex/latex/xcolor/xcolor.sty
Package: xcolor 2007/01/21 v2.11 LaTeX color extensions (UK)

(/usr/share/texlive/texmf-dist/tex/latex/latexconfig/color.cfg
File: color.cfg 2007/01/18 v1.5 color configuration of teTeX/TeXLive
)
Package xcolor Info: Driver file: pdftex.def on input line 225.

(/usr/share/texlive/texmf-dist/tex/latex/colortbl/colortbl.sty
Package: colortbl 2012/02/13 v1.0a Color table columns (DPC)
\everycr=\toks19
\minrowclearance=\skip57
)
\rownum=\count95
Package xcolor Info: Model `cmy' substituted by `cmy0' on input line 1337.
Package xcolor Info: Model `hsb' substituted by `rgb' on input line 1341.
Package xcolor Info: Model `RGB' extended on input line 1353.
Package xcolor Info: Model `HTML' substituted by `rgb' on input line 1355.
Package xcolor Info: Model `Hsb' substituted by `hsb' on input line 1356.
Package xcolor Info: Model `tHsb' substituted by `hsb' on input line 1357.
Package xcolor Info: Model `HSB' substituted by `hsb' on input line 1358.
Package xcolor Info: Model `Gray' substituted by `gray' on input line 1359.
Package xcolor Info: Model `wave' substituted by `hsb' on input line 1360.
)
(/usr/share/texlive/texmf-dist/tex/latex/hyperref/hyperref.sty
Package: hyperref 2012/11/06 v6.83m Hypertext links for LaTeX

(/usr/share/texlive/texmf-dist/tex/generic/oberdiek/hobsub-hyperref.sty
Package: hobsub-hyperref 2012/05/28 v1.13 Bundle oberdiek, subset hyperref (HO)


(/usr/share/texlive/texmf-dist/tex/generic/oberdiek/hobsub-generic.sty
Package: hobsub-generic 2012/05/28 v1.13 Bundle oberdiek, subset generic (HO)
Package: hobsub 2012/05/28 v1.13 Construct package bundles (HO)
Package hobsub Info: Skipping package `infwarerr' (already loaded).
Package hobsub Info: Skipping package `ltxcmds' (already loaded).
Package: ifluatex 2010/03/01 v1.3 Provides the ifluatex switch (HO)
Package ifluatex Info: LuaTeX not detected.
Package: ifvtex 2010/03/01 v1.5 Detect VTeX and its facilities (HO)
Package ifvtex Info: VTeX not detected.
Package: intcalc 2007/09/27 v1.1 Expandable calculations with integers (HO)
Package: ifpdf 2011/01/30 v2.3 Provides the ifpdf switch (HO)
Package ifpdf Info: pdfTeX in PDF mode is detected.
Package: etexcmds 2011/02/16 v1.5 Avoid name clashes with e-TeX commands (HO)
Package etexcmds Info: Could not find \expanded.
(etexcmds)             That can mean that you are not using pdfTeX 1.50 or
(etexcmds)             that some package has redefined \expanded.
(etexcmds)             In the latter case, load this package earlier.
Package: kvsetkeys 2012/04/25 v1.16 Key value parser (HO)
Package: kvdefinekeys 2011/04/07 v1.3 Define keys (HO)
Package: pdftexcmds 2011/11/29 v0.20 Utility functions of pdfTeX for LuaTeX (HO
)
Package pdftexcmds Info: LuaTeX not detected.
Package pdftexcmds Info: \pdf@primitive is available.
Package pdftexcmds Info: \pdf@ifprimitive is available.
Package pdftexcmds Info: \pdfdraftmode found.
Package: pdfescape 2011/11/25 v1.13 Implements pdfTeX's escape features (HO)
Package: bigintcalc 2012/04/08 v1.3 Expandable calculations on big integers (HO
)
Package: bitset 2011/01/30 v1.1 Handle bit-vector datatype (HO)
Package: uniquecounter 2011/01/30 v1.2 Provide unlimited unique counter (HO)
)
Package hobsub Info: Skipping package `hobsub' (already loaded).
Package: letltxmacro 2010/09/02 v1.4 Let assignment for LaTeX macros (HO)
Package: hopatch 2012/05/28 v1.2 Wrapper for package hooks (HO)
Package: xcolor-patch 2011/01/30 xcolor patch
Package: atveryend 2011/06/30 v1.8 Hooks at the very end of document (HO)
Package: atbegshi 2011/10/05 v1.16 At begin shipout hook (HO)
Package: refcount 2011/10/16 v3.4 Data extraction from label references (HO)
Package: hycolor 2011/01/30 v1.7 Color options for hyperref/bookmark (HO)
)
(/usr/share/texlive/texmf-dist/tex/generic/ifxetex/ifxetex.sty
Package: ifxetex 2010/09/12 v0.6 Provides ifxetex conditional
)
(/usr/share/texlive/texmf-dist/tex/latex/oberdiek/auxhook.sty
Package: auxhook 2011/03/04 v1.3 Hooks for auxiliary files (HO)
)
(/usr/share/texlive/texmf-dist/tex/latex/oberdiek/kvoptions.sty
Package: kvoptions 2011/06/30 v3.11 Key value format for package options (HO)
)
\@linkdim=\dimen121
\Hy@linkcounter=\count96
\Hy@pagecounter=\count97

(/usr/share/texlive/texmf-dist/tex/latex/hyperref/pd1enc.def
File: pd1enc.def 2012/11/06 v6.83m Hyperref: PDFDocEncoding definition (HO)
Now handling font encoding PD1 ...
... no UTF-8 mapping file for font encoding PD1
)
\Hy@SavedSpaceFactor=\count98

(/usr/share/texlive/texmf-dist/tex/latex/latexconfig/hyperref.cfg
File: hyperref.cfg 2002/06/06 v1.2 hyperref configuration of TeXLive
)
Package hyperref Info: Option `colorlinks' set `true' on input line 4319.
Package hyperref Info: Hyper figures OFF on input line 4443.
Package hyperref Info: Link nesting OFF on input line 4448.
Package hyperref Info: Hyper index ON on input line 4451.
Package hyperref Info: Plain pages OFF on input line 4458.
Package hyperref Info: Backreferencing OFF on input line 4463.
Package hyperref Info: Implicit mode ON; LaTeX internals redefined.
Package hyperref Info: Bookmarks ON on input line 4688.
\c@Hy@tempcnt=\count99

(/usr/share/texlive/texmf-dist/tex/latex/url/url.sty
\Urlmuskip=\muskip10
Package: url 2013/09/16  ver 3.4  Verb mode for urls, etc.
)
LaTeX Info: Redefining \url on input line 5041.
\XeTeXLinkMargin=\dimen122
\Fld@menulength=\count100
\Field@Width=\dimen123
\Fld@charsize=\dimen124
Package hyperref Info: Hyper figures OFF on input line 6295.
Package hyperref Info: Link nesting OFF on input line 6300.
Package hyperref Info: Hyper index ON on input line 6303.
Package hyperref Info: backreferencing OFF on input line 6310.
Package hyperref Info: Link coloring ON on input line 6313.
Package hyperref Info: Link coloring with OCG OFF on input line 6320.
Package hyperref Info: PDF/A mode OFF on input line 6325.
LaTeX Info: Redefining \ref on input line 6365.
LaTeX Info: Redefining \pageref on input line 6369.
\Hy@abspage=\count101
\c@Item=\count102
\c@Hfootnote=\count103
)

Package hyperref Message: Driver (autodetected): hpdftex.

(/usr/share/texlive/texmf-dist/tex/latex/hyperref/hpdftex.def
File: hpdftex.def 2012/11/06 v6.83m Hyperref driver for pdfTeX
\Fld@listcount=\count104
\c@bookmark@seq@number=\count105

(/usr/share/texlive/texmf-dist/tex/latex/oberdiek/rerunfilecheck.sty
Package: rerunfilecheck 2011/04/15 v1.7 Rerun checks for auxiliary files (HO)
Package uniquecounter Info: New unique counter `rerunfilecheck' on input line 2
82.
)
\Hy@SectionHShift=\skip58
))
(/usr/share/texlive/texmf-dist/tex/latex/eurosym/eurosym.sty
Package: eurosym 1998/08/06 v1.1 European currency symbol ``Euro''
\@eurobox=\box26
)
(./PianoDiProgetto.aux)
\openout1 = `PianoDiProgetto.aux'.

LaTeX Font Info:    Checking defaults for OML/cmm/m/it on input line 20.
LaTeX Font Info:    ... okay on input line 20.
LaTeX Font Info:    Checking defaults for T1/cmr/m/n on input line 20.
LaTeX Font Info:    ... okay on input line 20.
LaTeX Font Info:    Checking defaults for OT1/cmr/m/n on input line 20.
LaTeX Font Info:    ... okay on input line 20.
LaTeX Font Info:    Checking defaults for OMS/cmsy/m/n on input line 20.
LaTeX Font Info:    ... okay on input line 20.
LaTeX Font Info:    Checking defaults for OMX/cmex/m/n on input line 20.
LaTeX Font Info:    ... okay on input line 20.
LaTeX Font Info:    Checking defaults for U/cmr/m/n on input line 20.
LaTeX Font Info:    ... okay on input line 20.
LaTeX Font Info:    Checking defaults for PD1/pdf/m/n on input line 20.
LaTeX Font Info:    ... okay on input line 20.
Package caption Info: Begin \AtBeginDocument code.
Package caption Info: hyperref package is loaded.
Package caption Info: End \AtBeginDocument code.
LaTeX Info: Redefining \it@ocap on input line 20.
LaTeX Info: Redefining \it@ccap on input line 20.
Package lastpage Info: Please have a look at the pageslts package at
(lastpage)             https://www.ctan.org/pkg/pageslts
(lastpage)             ! on input line 20.

(/usr/share/texlive/texmf-dist/tex/context/base/supp-pdf.mkii
[Loading MPS to PDF converter (version 2006.09.02).]
\scratchcounter=\count106
\scratchdimen=\dimen125
\scratchbox=\box27
\nofMPsegments=\count107
\nofMParguments=\count108
\everyMPshowfont=\toks20
\MPscratchCnt=\count109
\MPscratchDim=\dimen126
\MPnumerator=\count110
\makeMPintoPDFobject=\count111
\everyMPtoPDFconversion=\toks21
) (/usr/share/texlive/texmf-dist/tex/latex/oberdiek/epstopdf-base.sty
Package: epstopdf-base 2010/02/09 v2.5 Base part for package epstopdf

(/usr/share/texlive/texmf-dist/tex/latex/oberdiek/grfext.sty
Package: grfext 2010/08/19 v1.1 Manage graphics extensions (HO)
)
Package grfext Info: Graphics extension search list:
(grfext)             [.png,.pdf,.jpg,.mps,.jpeg,.jbig2,.jb2,.PNG,.PDF,.JPG,.JPE
G,.JBIG2,.JB2,.eps]
(grfext)             \AppendGraphicsExtensions on input line 452.

(/usr/share/texlive/texmf-dist/tex/latex/latexconfig/epstopdf-sys.cfg
File: epstopdf-sys.cfg 2010/07/13 v1.3 Configuration of (r)epstopdf for TeX Liv
e
))
\AtBeginShipoutBox=\box28
Package hyperref Info: Link coloring ON on input line 20.

(/usr/share/texlive/texmf-dist/tex/latex/hyperref/nameref.sty
Package: nameref 2012/10/27 v2.43 Cross-referencing by name of section

(/usr/share/texlive/texmf-dist/tex/generic/oberdiek/gettitlestring.sty
Package: gettitlestring 2010/12/03 v1.4 Cleanup title references (HO)
)
\c@section@level=\count112
)
LaTeX Info: Redefining \ref on input line 20.
LaTeX Info: Redefining \pageref on input line 20.
LaTeX Info: Redefining \nameref on input line 20.

(./PianoDiProgetto.out) (./PianoDiProgetto.out)
\@outlinefile=\write3
\openout3 = `PianoDiProgetto.out'.

 (../../stile/copertina.tex
LaTeX Font Info:    External font `cmex10' loaded for size
(Font)              <14.4> on input line 2.
LaTeX Font Info:    External font `cmex10' loaded for size
(Font)              <7> on input line 2.

<../../logo.png, id=156, 390.45876pt x 327.2225pt>
File: ../../logo.png Graphic file (type png)
 <use ../../logo.png>
Package pdftex.def Info: ../../logo.png used on input line 3.
(pdftex.def)             Requested size: 227.62204pt x 190.75781pt.
LaTeX Font Info:    External font `cmex10' loaded for size
(Font)              <12> on input line 10.
LaTeX Font Info:    External font `cmex10' loaded for size
(Font)              <8> on input line 10.
LaTeX Font Info:    External font `cmex10' loaded for size
(Font)              <6> on input line 10.

[1

{/var/lib/texmf/fonts/map/pdftex/updmap/pdftex.map} <../../logo.png>]
(./versionamento.tex
Underfull \hbox (badness 1668) in paragraph at lines 17--17
[]|\T1/cmr/m/n/12 Preventivo pro-get-ta-zio-ne ar-chi-
 []


Overfull \hbox (18.37964pt too wide) in paragraph at lines 6--34
 [][] 
 []

)
File: ../../logo.png Graphic file (type png)
 <use ../../logo.png>
Package pdftex.def Info: ../../logo.png used on input line 29.
(pdftex.def)             Requested size: 56.9055pt x 47.6882pt.


Package Fancyhdr Warning: \headheight is too small (12.0pt): 
 Make it at least 52.03824pt.
 We now make it that large for the rest of the document.
 This may cause the page layout to be inconsistent, however.

[2] (./PianoDiProgetto.toc
File: ../../logo.png Graphic file (type png)
 <use ../../logo.png>
Package pdftex.def Info: ../../logo.png used on input line 36.
(pdftex.def)             Requested size: 56.9055pt x 47.6882pt.
 [3

])
\tf@toc=\write4
\openout4 = `PianoDiProgetto.toc'.

File: ../../logo.png Graphic file (type png)
 <use ../../logo.png>
Package pdftex.def Info: ../../logo.png used on input line 32.
(pdftex.def)             Requested size: 56.9055pt x 47.6882pt.

[4] (./PianoDiProgetto.lot)
\tf@lot=\write5
\openout5 = `PianoDiProgetto.lot'.

 (./PianoDiProgetto.lof
File: ../../logo.png Graphic file (type png)
 <use ../../logo.png>
Package pdftex.def Info: ../../logo.png used on input line 15.
(pdftex.def)             Requested size: 56.9055pt x 47.6882pt.

[5])
\tf@lof=\write6
\openout6 = `PianoDiProgetto.lof'.

File: ../../logo.png Graphic file (type png)
 <use ../../logo.png>
Package pdftex.def Info: ../../logo.png used on input line 35.
(pdftex.def)             Requested size: 56.9055pt x 47.6882pt.
 [6]) (./introduzione.tex
LaTeX Font Info:    Try loading font information for OMS+cmr on input line 8.

(/usr/share/texlive/texmf-dist/tex/latex/base/omscmr.fd
File: omscmr.fd 2014/09/29 v2.5h Standard LaTeX font definitions
)
LaTeX Font Info:    Font shape `OMS/cmr/m/n' in size <12> not available
(Font)              Font shape `OMS/cmsy/m/n' tried instead on input line 8.
File: ../../logo.png Graphic file (type png)
 <use ../../logo.png>
Package pdftex.def Info: ../../logo.png used on input line 22.
(pdftex.def)             Requested size: 56.9055pt x 47.6882pt.

[7]
LaTeX Font Info:    Try loading font information for T1+cmtt on input line 29.
 (/usr/share/texlive/texmf-dist/tex/latex/base/t1cmtt.fd
File: t1cmtt.fd 2014/09/29 v2.5h Standard LaTeX font definitions
)
File: ../../logo.png Graphic file (type png)

<use ../../logo.png>
Package pdftex.def Info: ../../logo.png used on input line 63.
(pdftex.def)             Requested size: 56.9055pt x 47.6882pt.
 [8]) (./analisi_rischi.tex
Underfull \hbox (badness 10000) in paragraph at lines 11--11
[]|\T1/cmr/bx/n/12 Descrizione
 []


Underfull \hbox (badness 3713) in paragraph at lines 11--12
[]|\T1/cmr/bx/n/12 Risposta Con-te-
 []


Underfull \hbox (badness 1163) in paragraph at lines 13--13
[]|\T1/cmr/m/n/12 Errata sti-ma del-la
 []


Underfull \hbox (badness 2057) in paragraph at lines 13--14
\T1/cmr/m/n/12 po-ra-le e pia-ni-fi-ca-
 []


Underfull \hbox (badness 1122) in paragraph at lines 15--15
[]|\T1/cmr/m/n/12 Conflitti in-ter-ni al
 []


Underfull \hbox (badness 1668) in paragraph at lines 15--16
[]|\T1/cmr/m/n/12 Team buil-ding so-
 []


Underfull \hbox (badness 10000) in paragraph at lines 17--17
[]|\T1/cmr/m/n/12 Sottostima del
 []


Underfull \hbox (badness 10000) in paragraph at lines 17--17
\T1/cmr/m/n/12 tem-po ri-chie-sto
 []


Underfull \hbox (badness 10000) in paragraph at lines 17--17
\T1/cmr/m/n/12 per l'ap-pren-di-
 []


Underfull \hbox (badness 10000) in paragraph at lines 17--17
\T1/cmr/m/n/12 men-to di nuo-ve
 []


Underfull \hbox (badness 10000) in paragraph at lines 17--18
[]|\T1/cmr/m/n/12 Confronto con
 []


Underfull \hbox (badness 1546) in paragraph at lines 17--18
\T1/cmr/m/n/12 chia-ri-men-ti al fi-ne
 []


Underfull \hbox (badness 6725) in paragraph at lines 19--19
[]|\T1/cmr/m/n/12 Problemi Soft-ware
 []

File: ../../logo.png Graphic file (type png)
<use ../../logo.png>
Package pdftex.def Info: ../../logo.png used on input line 26.
(pdftex.def)             Requested size: 56.9055pt x 47.6882pt.
 [9])
File: ../../logo.png Graphic file (type png)
 <use ../../logo.png>
Package pdftex.def Info: ../../logo.png used on input line 26.
(pdftex.def)             Requested size: 56.9055pt x 47.6882pt.
 [10

] (./modello_sviluppo.tex
<Iterative_development_model.jpg, id=350, 323.59702pt x 171.50642pt>
File: Iterative_development_model.jpg Graphic file (type jpg)

<use Iterative_development_model.jpg>
Package pdftex.def Info: Iterative_development_model.jpg used on input line 18.

(pdftex.def)             Requested size: 323.5962pt x 171.50598pt.
)
File: ../../logo.png Graphic file (type png)
 <use ../../logo.png>
Package pdftex.def Info: ../../logo.png used on input line 28.
(pdftex.def)             Requested size: 56.9055pt x 47.6882pt.
 [11]
(./pianificazione/pianificazione.tex (./pianificazione/AvvioEAnalisi.tex
File: ../../logo.png Graphic file (type png)

<use ../../logo.png>
Package pdftex.def Info: ../../logo.png used on input line 1.
(pdftex.def)             Requested size: 56.9055pt x 47.6882pt.
 [12 <./Iterative_development_model.jpg>]
File: ../../logo.png Graphic file (type png)

<use ../../logo.png>
Package pdftex.def Info: ../../logo.png used on input line 12.
(pdftex.def)             Requested size: 56.9055pt x 47.6882pt.
 [13]
<Gantt_prima_fase.jpg, id=373, 1327.96124pt x 492.33937pt>
File: Gantt_prima_fase.jpg Graphic file (type jpg)

<use Gantt_prima_fase.jpg>
Package pdftex.def Info: Gantt_prima_fase.jpg used on input line 17.
(pdftex.def)             Requested size: 469.75499pt x 174.16191pt.

<Gantt_prima_fase_risorse.jpg, id=374, 1221.06187pt x 447.17062pt>
File: Gantt_prima_fase_risorse.jpg Graphic file (type jpg)

<use Gantt_prima_fase_risorse.jpg>
Package pdftex.def Info: Gantt_prima_fase_risorse.jpg used on input line 23.
(pdftex.def)             Requested size: 469.75499pt x 172.03499pt.
)
(./pianificazione/ProgettazioneArchitetturale.tex
File: ../../logo.png Graphic file (type png)
 <use ../../logo.png>
Package pdftex.def Info: ../../logo.png used on input line 1.
(pdftex.def)             Requested size: 56.9055pt x 47.6882pt.
 [14 <./Gantt_prima_fase.jpg> <./Gantt_prima_fase_risorse.jpg>]
File: ../../logo.png Graphic file (type png)
 <use ../../logo.png>
Package pdftex.def Info: ../../logo.png used on input line 11.
(pdftex.def)             Requested size: 56.9055pt x 47.6882pt.

[15] <Gantt_seconda_fase.jpg, id=385, 1472.50125pt x 529.98pt>
File: Gantt_seconda_fase.jpg Graphic file (type jpg)

<use Gantt_seconda_fase.jpg>
Package pdftex.def Info: Gantt_seconda_fase.jpg used on input line 16.
(pdftex.def)             Requested size: 469.75499pt x 169.07141pt.

<Gantt_seconda_fase_risorse.jpg, id=386, 1329.96875pt x 495.8525pt>
File: Gantt_seconda_fase_risorse.jpg Graphic file (type jpg)

<use Gantt_seconda_fase_risorse.jpg>
Package pdftex.def Info: Gantt_seconda_fase_risorse.jpg used on input line 22.
(pdftex.def)             Requested size: 469.75499pt x 175.13985pt.
) (./pianificazione/DettaglioECodifica.tex
File: ../../logo.png Graphic file (type png)

<use ../../logo.png>
Package pdftex.def Info: ../../logo.png used on input line 1.
(pdftex.def)             Requested size: 56.9055pt x 47.6882pt.
 [16 <./Gantt_seconda_fase.jpg> <./Gantt_seconda_fase_risorse.jpg>]
File: ../../logo.png Graphic file (type png)
 <use ../../logo.png>
Package pdftex.def Info: ../../logo.png used on input line 1.
(pdftex.def)             Requested size: 56.9055pt x 47.6882pt.
 [17]
<Gantt_terza_fase.jpg, id=397, 836.3747pt x 370.38374pt>
File: Gantt_terza_fase.jpg Graphic file (type jpg)

<use Gantt_terza_fase.jpg>
Package pdftex.def Info: Gantt_terza_fase.jpg used on input line 14.
(pdftex.def)             Requested size: 469.75499pt x 208.03514pt.

<Gantt_terza_fase_risorse.jpg, id=398, 748.29562pt x 371.88937pt>
File: Gantt_terza_fase_risorse.jpg Graphic file (type jpg)

<use Gantt_terza_fase_risorse.jpg>
Package pdftex.def Info: Gantt_terza_fase_risorse.jpg used on input line 20.
(pdftex.def)             Requested size: 469.75499pt x 233.46304pt.
) (./pianificazione/Validazione.tex
File: ../../logo.png Graphic file (type png)

<use ../../logo.png>
Package pdftex.def Info: ../../logo.png used on input line 1.
(pdftex.def)             Requested size: 56.9055pt x 47.6882pt.
 [18 <./Gantt_terza_fase.jpg>]
<gantcollaudo.jpg, id=404, 1193.45876pt x 675.52374pt>
File: gantcollaudo.jpg Graphic file (type jpg)
 <use gantcollaudo.jpg>
Package pdftex.def Info: gantcollaudo.jpg used on input line 13.
(pdftex.def)             Requested size: 469.75499pt x 265.8858pt.

<gantcollaudorisorse.jpg, id=405, 971.63pt x 555.07375pt>
File: gantcollaudorisorse.jpg Graphic file (type jpg)

<use gantcollaudorisorse.jpg>
Package pdftex.def Info: gantcollaudorisorse.jpg used on input line 19.
(pdftex.def)             Requested size: 469.75499pt x 268.355pt.
)
File: ../../logo.png Graphic file (type png)
 <use ../../logo.png>
Package pdftex.def Info: ../../logo.png used on input line 42.
(pdftex.def)             Requested size: 56.9055pt x 47.6882pt.
 [19 <./Gantt_terza_fase_risorse.jpg>]
File: ../../logo.png Graphic file (type png)
 <use ../../logo.png>
Package pdftex.def Info: ../../logo.png used on input line 42.
(pdftex.def)             Requested size: 56.9055pt x 47.6882pt.
 [20 <./gantcollaudo.jpg>]
File: ../../logo.png Graphic file (type png)
 <use ../../logo.png>
Package pdftex.def Info: ../../logo.png used on input line 42.
(pdftex.def)             Requested size: 56.9055pt x 47.6882pt.

[21 <./gantcollaudorisorse.jpg>]
File: ../../logo.png Graphic file (type png)
 <use ../../logo.png>
Package pdftex.def Info: ../../logo.png used on input line 42.
(pdftex.def)             Requested size: 56.9055pt x 47.6882pt.
 [22]
File: ../../logo.png Graphic file (type png)

<use ../../logo.png>
Package pdftex.def Info: ../../logo.png used on input line 42.
(pdftex.def)             Requested size: 56.9055pt x 47.6882pt.
 [23]) (./preventivo/preventivo.tex
(./preventivo/AttivitaPreliminari.tex
File: ../../logo.png Graphic file (type png)
 <use ../../logo.png>
Package pdftex.def Info: ../../logo.png used on input line 1.
(pdftex.def)             Requested size: 56.9055pt x 47.6882pt.
 [24

]
<preventivo/grafico_prima_parte.jpg, id=443, 693.03127pt x 258.65053pt>
File: preventivo/grafico_prima_parte.jpg Graphic file (type jpg)

<use preventivo/grafico_prima_parte.jpg>
Package pdftex.def Info: preventivo/grafico_prima_parte.jpg used on input line 
37.
(pdftex.def)             Requested size: 485.11858pt x 181.05412pt.

Overfull \hbox (15.36359pt too wide) in paragraph at lines 37--38
 [][] 
 []

<preventivo/torta_prima_parte.png, id=444, 451.6875pt x 218.31563pt>
File: preventivo/torta_prima_parte.png Graphic file (type png)

<use preventivo/torta_prima_parte.png>
Package pdftex.def Info: preventivo/torta_prima_parte.png used on input line 75
.
(pdftex.def)             Requested size: 361.35048pt x 174.65273pt.
File: ../../logo.png Graphic file (type png)
 <use ../../logo.png>
Package pdftex.def Info: ../../logo.png used on input line 78.
(pdftex.def)             Requested size: 56.9055pt x 47.6882pt.
 [25]
File: ../../logo.png Graphic file (type png)

<use ../../logo.png>
Package pdftex.def Info: ../../logo.png used on input line 78.
(pdftex.def)             Requested size: 56.9055pt x 47.6882pt.
 [26 <./preventivo/grafico_prima_parte.jpg>]
File: ../../logo.png Graphic file (type png)

<use ../../logo.png>
Package pdftex.def Info: ../../logo.png used on input line 78.
(pdftex.def)             Requested size: 56.9055pt x 47.6882pt.
 [27 <./preventivo/torta_prima_parte.png>])
(./preventivo/ProgettazioneArchitetturale.tex
<preventivo/grafico_seconda_parte.jpg, id=462, 693.03127pt x 258.65053pt>
File: preventivo/grafico_seconda_parte.jpg Graphic file (type jpg)

<use preventivo/grafico_seconda_parte.jpg>
Package pdftex.def Info: preventivo/grafico_seconda_parte.jpg used on input lin
e 36.
(pdftex.def)             Requested size: 469.75499pt x 175.32748pt.

<preventivo/torta_seconda_parte.png, id=463, 451.6875pt x 207.02344pt>
File: preventivo/torta_seconda_parte.png Graphic file (type png)

<use preventivo/torta_seconda_parte.png>
Package pdftex.def Info: preventivo/torta_seconda_parte.png used on input line 
74.
(pdftex.def)             Requested size: 361.35048pt x 165.61896pt.
File: ../../logo.png Graphic file (type png)
 <use ../../logo.png>
Package pdftex.def Info: ../../logo.png used on input line 77.
(pdftex.def)             Requested size: 56.9055pt x 47.6882pt.
 [28

]
File: ../../logo.png Graphic file (type png)

<use ../../logo.png>
Package pdftex.def Info: ../../logo.png used on input line 77.
(pdftex.def)             Requested size: 56.9055pt x 47.6882pt.
 [29 <./preventivo/grafico_seconda_parte.jpg>]
File: ../../logo.png Graphic file (type png)

<use ../../logo.png>
Package pdftex.def Info: ../../logo.png used on input line 77.
(pdftex.def)             Requested size: 56.9055pt x 47.6882pt.
 [30 <./preventivo/torta_seconda_parte.png>])
(./preventivo/ProgettazioneDettaglio.tex
<preventivo/grafico_terza_parte.jpg, id=480, 693.03127pt x 258.65053pt>
File: preventivo/grafico_terza_parte.jpg Graphic file (type jpg)

<use preventivo/grafico_terza_parte.jpg>
Package pdftex.def Info: preventivo/grafico_terza_parte.jpg used on input line 
36.
(pdftex.def)             Requested size: 469.75499pt x 175.32748pt.

<preventivo/torta_terza_parte.png, id=481, 451.6875pt x 247.67531pt>
File: preventivo/torta_terza_parte.png Graphic file (type png)

<use preventivo/torta_terza_parte.png>
Package pdftex.def Info: preventivo/torta_terza_parte.png used on input line 74
.
(pdftex.def)             Requested size: 316.17908pt x 173.37152pt.
File: ../../logo.png Graphic file (type png)
 <use ../../logo.png>
Package pdftex.def Info: ../../logo.png used on input line 77.
(pdftex.def)             Requested size: 56.9055pt x 47.6882pt.
 [31

]
File: ../../logo.png Graphic file (type png)

<use ../../logo.png>
Package pdftex.def Info: ../../logo.png used on input line 77.
(pdftex.def)             Requested size: 56.9055pt x 47.6882pt.
 [32 <./preventivo/grafico_terza_parte.jpg>]
File: ../../logo.png Graphic file (type png)

<use ../../logo.png>
Package pdftex.def Info: ../../logo.png used on input line 77.
(pdftex.def)             Requested size: 56.9055pt x 47.6882pt.
 [33 <./preventivo/torta_terza_parte.png>])
(./preventivo/Validazione.tex
<preventivo/grafico_quarta_parte.jpg, id=499, 693.03127pt x 258.65053pt>
File: preventivo/grafico_quarta_parte.jpg Graphic file (type jpg)

<use preventivo/grafico_quarta_parte.jpg>
Package pdftex.def Info: preventivo/grafico_quarta_parte.jpg used on input line
 36.
(pdftex.def)             Requested size: 469.75499pt x 175.32748pt.

<preventivo/torta_quarta_parte.png, id=500, 451.6875pt x 208.52907pt>
File: preventivo/torta_quarta_parte.png Graphic file (type png)

<use preventivo/torta_quarta_parte.png>
Package pdftex.def Info: preventivo/torta_quarta_parte.png used on input line 7
4.
(pdftex.def)             Requested size: 361.35048pt x 166.82347pt.
File: ../../logo.png Graphic file (type png)
 <use ../../logo.png>
Package pdftex.def Info: ../../logo.png used on input line 77.
(pdftex.def)             Requested size: 56.9055pt x 47.6882pt.
 [34

]
File: ../../logo.png Graphic file (type png)

<use ../../logo.png>
Package pdftex.def Info: ../../logo.png used on input line 77.
(pdftex.def)             Requested size: 56.9055pt x 47.6882pt.
 [35 <./preventivo/grafico_quarta_parte.jpg>]
File: ../../logo.png Graphic file (type png)

<use ../../logo.png>
Package pdftex.def Info: ../../logo.png used on input line 77.
(pdftex.def)             Requested size: 56.9055pt x 47.6882pt.
 [36 <./preventivo/torta_quarta_parte.png>])
(./preventivo/Totali.tex
<preventivo/grafico_totali.jpg, id=517, 693.03127pt x 258.65053pt>
File: preventivo/grafico_totali.jpg Graphic file (type jpg)

<use preventivo/grafico_totali.jpg>
Package pdftex.def Info: preventivo/grafico_totali.jpg used on input line 36.
(pdftex.def)             Requested size: 469.75499pt x 175.32748pt.

<preventivo/torta_totali.png, id=518, 451.6875pt x 236.38312pt>
File: preventivo/torta_totali.png Graphic file (type png)

<use preventivo/torta_totali.png>
Package pdftex.def Info: preventivo/torta_totali.png used on input line 74.
(pdftex.def)             Requested size: 361.35048pt x 189.10675pt.
File: ../../logo.png Graphic file (type png)
 <use ../../logo.png>
Package pdftex.def Info: ../../logo.png used on input line 77.
(pdftex.def)             Requested size: 56.9055pt x 47.6882pt.
 [37

]
File: ../../logo.png Graphic file (type png)

<use ../../logo.png>
Package pdftex.def Info: ../../logo.png used on input line 77.
(pdftex.def)             Requested size: 56.9055pt x 47.6882pt.
 [38 <./preventivo/grafico_totali.jpg>]
File: ../../logo.png Graphic file (type png)

<use ../../logo.png>
Package pdftex.def Info: ../../logo.png used on input line 77.
(pdftex.def)             Requested size: 56.9055pt x 47.6882pt.
 [39 <./preventivo/torta_totali.png>])) (./consuntivo.tex
(./consuntivo_analisi.tex))
File: ../../logo.png Graphic file (type png)
 <use ../../logo.png>
Package pdftex.def Info: ../../logo.png used on input line 34.
(pdftex.def)             Requested size: 56.9055pt x 47.6882pt.
 [40

]
File: ../../logo.png Graphic file (type png)
 <use ../../logo.png>
Package pdftex.def Info: ../../logo.png used on input line 34.
(pdftex.def)             Requested size: 56.9055pt x 47.6882pt.

[41]
File: ../../logo.png Graphic file (type png)
 <use ../../logo.png>
Package pdftex.def Info: ../../logo.png used on input line 34.
(pdftex.def)             Requested size: 56.9055pt x 47.6882pt.
 [42] (./preventivo_a_finire.tex
Overfull \hbox (17.54846pt too wide) in paragraph at lines 7--23
 [][] 
 []

) 
AED: lastpage setting LastPage
File: ../../logo.png Graphic file (type png)
<use ../../logo.png>
Package pdftex.def Info: ../../logo.png used on input line 37.
(pdftex.def)             Requested size: 56.9055pt x 47.6882pt.
 [43]
Package atveryend Info: Empty hook `BeforeClearDocument' on input line 37.
Package atveryend Info: Empty hook `AfterLastShipout' on input line 37.
 (./PianoDiProgetto.aux)
Package atveryend Info: Executing hook `AtVeryEndDocument' on input line 37.
Package atveryend Info: Executing hook `AtEndAfterFileList' on input line 37.
Package rerunfilecheck Info: File `PianoDiProgetto.out' has not changed.
(rerunfilecheck)             Checksum: EC23828DFDD6AD0D838691C94C1141D6;2765.
 ) 
Here is how much of TeX's memory you used:
 8605 strings out of 493029
 125968 string characters out of 6136234
 229951 words of memory out of 5000000
 11801 multiletter control sequences out of 15000+600000
 16530 words of font info for 41 fonts, out of 8000000 for 9000
 1141 hyphenation exceptions out of 8191
 43i,16n,43p,831b,485s stack positions out of 5000i,500n,10000p,200000b,80000s
{/usr/share/texmf/fonts/enc/dvips/cm-super/cm-super-t1.enc}</usr/share/texliv
e/texmf-dist/fonts/type1/public/amsfonts/cm/cmr12.pfb></usr/share/texlive/texmf
-dist/fonts/type1/public/amsfonts/cm/cmsy10.pfb></usr/share/texlive/texmf-dist/
fonts/type1/public/eurosym/feybr10.pfb></usr/share/texlive/texmf-dist/fonts/typ
e1/public/eurosym/feymr10.pfb></usr/share/texmf/fonts/type1/public/cm-super/sfb
x0800.pfb></usr/share/texmf/fonts/type1/public/cm-super/sfbx1200.pfb></usr/shar
e/texmf/fonts/type1/public/cm-super/sfbx1440.pfb></usr/share/texmf/fonts/type1/
public/cm-super/sfbx1728.pfb></usr/share/texmf/fonts/type1/public/cm-super/sfrm
1200.pfb></usr/share/texmf/fonts/type1/public/cm-super/sfrm1440.pfb></usr/share
/texmf/fonts/type1/public/cm-super/sfrm2488.pfb></usr/share/texmf/fonts/type1/p
ublic/cm-super/sfti1200.pfb></usr/share/texmf/fonts/type1/public/cm-super/sftt1
200.pfb>
Output written on PianoDiProgetto.pdf (43 pages, 1652337 bytes).
PDF statistics:
 634 PDF objects out of 1000 (max. 8388607)
 544 compressed objects within 6 object streams
 135 named destinations out of 1000 (max. 500000)
 405 words of extra memory for PDF output out of 10000 (max. 10000000)

