This is pdfTeX, Version 3.14159265-2.6-1.40.19 (TeX Live 2018/W32TeX) (preloaded format=pdflatex 2018.12.5)  6 DEC 2018 19:20
entering extended mode
 restricted \write18 enabled.
 %&-line parsing enabled.
**piano_di_progetto.tex
(./piano_di_progetto.tex
LaTeX2e <2018-04-01> patch level 5
(d:/texlive/2018/texmf-dist/tex/latex/base/article.cls
Document Class: article 2014/09/29 v1.4h Standard LaTeX document class
(d:/texlive/2018/texmf-dist/tex/latex/base/size12.clo
File: size12.clo 2014/09/29 v1.4h Standard LaTeX file (size option)
)
\c@part=\count80
\c@section=\count81
\c@subsection=\count82
\c@subsubsection=\count83
\c@paragraph=\count84
\c@subparagraph=\count85
\c@figure=\count86
\c@table=\count87
\abovecaptionskip=\skip41
\belowcaptionskip=\skip42
\bibindent=\dimen102
) (../../stile/stile.tex
(d:/texlive/2018/texmf-dist/tex/latex/titling/titling.sty
Package: titling 2009/09/04 v2.1d maketitle typesetting
\thanksmarkwidth=\skip43
\thanksmargin=\skip44
\droptitle=\skip45
)
(d:/texlive/2018/texmf-dist/tex/latex/caption/caption.sty
Package: caption 2018/10/06 v3.3-154 Customizing captions (AR)

(d:/texlive/2018/texmf-dist/tex/latex/caption/caption3.sty
Package: caption3 2018/09/12 v1.8c caption3 kernel (AR)
Package caption3 Info: TeX engine: e-TeX on input line 64.

(d:/texlive/2018/texmf-dist/tex/latex/graphics/keyval.sty
Package: keyval 2014/10/28 v1.15 key=value parser (DPC)
\KV@toks@=\toks14
)
\captionmargin=\dimen103
\captionmargin@=\dimen104
\captionwidth=\dimen105
\caption@tempdima=\dimen106
\caption@indent=\dimen107
\caption@parindent=\dimen108
\caption@hangindent=\dimen109
)
\c@caption@flags=\count88
\c@ContinuedFloat=\count89
)
(d:/texlive/2018/texmf-dist/tex/latex/multirow/multirow.sty
Package: multirow 2018/08/03 v2.3 Span multiple rows of a table
\multirow@colwidth=\skip46
\multirow@cntb=\count90
\multirow@dima=\skip47
\bigstrutjot=\dimen110
)
(d:/texlive/2018/texmf-dist/tex/latex/base/fontenc.sty
Package: fontenc 2017/04/05 v2.0i Standard LaTeX package

(d:/texlive/2018/texmf-dist/tex/latex/base/t1enc.def
File: t1enc.def 2017/04/05 v2.0i Standard LaTeX file
LaTeX Font Info:    Redeclaring font encoding T1 on input line 48.
))
(d:/texlive/2018/texmf-dist/tex/latex/base/inputenc.sty
Package: inputenc 2018/04/06 v1.3b Input encoding file
\inpenc@prehook=\toks15
\inpenc@posthook=\toks16
)
(d:/texlive/2018/texmf-dist/tex/generic/babel/babel.sty
Package: babel 2018/11/13 3.27 The Babel package

(d:/texlive/2018/texmf-dist/tex/generic/babel/switch.def
File: switch.def 2018/11/13 3.27 Babel switching mechanism
)
(d:/texlive/2018/texmf-dist/tex/generic/babel-italian/italian.ldf
Language: italian 2015/03/26 v1.3n Italian support from the babel system

(d:/texlive/2018/texmf-dist/tex/generic/babel/babel.def
File: babel.def 2018/11/13 3.27 Babel common definitions
\babel@savecnt=\count91
\U@D=\dimen111

(d:/texlive/2018/texmf-dist/tex/generic/babel/txtbabel.def)
\bbl@dirlevel=\count92
)
\it@lettering=\count93
\it@doublequoteactive=\count94
\it@ISOcompliance=\count95
))
(d:/texlive/2018/texmf-dist/tex/latex/etoolbox/etoolbox.sty
Package: etoolbox 2018/08/19 v2.5f e-TeX tools for LaTeX (JAW)
\etb@tempcnta=\count96
)
(d:/texlive/2018/texmf-dist/tex/latex/tools/tabularx.sty
Package: tabularx 2016/02/03 v2.11b `tabularx' package (DPC)

(d:/texlive/2018/texmf-dist/tex/latex/tools/array.sty
Package: array 2018/04/30 v2.4h Tabular extension package (FMi)
\col@sep=\dimen112
\ar@mcellbox=\box26
\extrarowheight=\dimen113
\NC@list=\toks17
\extratabsurround=\skip48
\backup@length=\skip49
\ar@cellbox=\box27
)
\TX@col@width=\dimen114
\TX@old@table=\dimen115
\TX@old@col=\dimen116
\TX@target=\dimen117
\TX@delta=\dimen118
\TX@cols=\count97
\TX@ftn=\toks18
)
(d:/texlive/2018/texmf-dist/tex/latex/hyperref/hyperref.sty
Package: hyperref 2018/11/30 v6.88e Hypertext links for LaTeX

(d:/texlive/2018/texmf-dist/tex/generic/oberdiek/hobsub-hyperref.sty
Package: hobsub-hyperref 2016/05/16 v1.14 Bundle oberdiek, subset hyperref (HO)


(d:/texlive/2018/texmf-dist/tex/generic/oberdiek/hobsub-generic.sty
Package: hobsub-generic 2016/05/16 v1.14 Bundle oberdiek, subset generic (HO)
Package: hobsub 2016/05/16 v1.14 Construct package bundles (HO)
Package: infwarerr 2016/05/16 v1.4 Providing info/warning/error messages (HO)
Package: ltxcmds 2016/05/16 v1.23 LaTeX kernel commands for general use (HO)
Package: ifluatex 2016/05/16 v1.4 Provides the ifluatex switch (HO)
Package ifluatex Info: LuaTeX not detected.
Package: ifvtex 2016/05/16 v1.6 Detect VTeX and its facilities (HO)
Package ifvtex Info: VTeX not detected.
Package: intcalc 2016/05/16 v1.2 Expandable calculations with integers (HO)
Package: ifpdf 2018/09/07 v3.3 Provides the ifpdf switch
Package: etexcmds 2016/05/16 v1.6 Avoid name clashes with e-TeX commands (HO)
Package etexcmds Info: Could not find \expanded.
(etexcmds)             That can mean that you are not using pdfTeX 1.50 or
(etexcmds)             that some package has redefined \expanded.
(etexcmds)             In the latter case, load this package earlier.
Package: kvsetkeys 2016/05/16 v1.17 Key value parser (HO)
Package: kvdefinekeys 2016/05/16 v1.4 Define keys (HO)
Package: pdftexcmds 2018/09/10 v0.29 Utility functions of pdfTeX for LuaTeX (HO
)
Package pdftexcmds Info: LuaTeX not detected.
Package pdftexcmds Info: \pdf@primitive is available.
Package pdftexcmds Info: \pdf@ifprimitive is available.
Package pdftexcmds Info: \pdfdraftmode found.
Package: pdfescape 2016/05/16 v1.14 Implements pdfTeX's escape features (HO)
Package: bigintcalc 2016/05/16 v1.4 Expandable calculations on big integers (HO
)
Package: bitset 2016/05/16 v1.2 Handle bit-vector datatype (HO)
Package: uniquecounter 2016/05/16 v1.3 Provide unlimited unique counter (HO)
)
Package hobsub Info: Skipping package `hobsub' (already loaded).
Package: letltxmacro 2016/05/16 v1.5 Let assignment for LaTeX macros (HO)
Package: hopatch 2016/05/16 v1.3 Wrapper for package hooks (HO)
Package: xcolor-patch 2016/05/16 xcolor patch
Package: atveryend 2016/05/16 v1.9 Hooks at the very end of document (HO)
Package: atbegshi 2016/06/09 v1.18 At begin shipout hook (HO)
Package: refcount 2016/05/16 v3.5 Data extraction from label references (HO)
Package: hycolor 2016/05/16 v1.8 Color options for hyperref/bookmark (HO)
)
(d:/texlive/2018/texmf-dist/tex/generic/ifxetex/ifxetex.sty
Package: ifxetex 2010/09/12 v0.6 Provides ifxetex conditional
)
(d:/texlive/2018/texmf-dist/tex/latex/oberdiek/auxhook.sty
Package: auxhook 2016/05/16 v1.4 Hooks for auxiliary files (HO)
)
(d:/texlive/2018/texmf-dist/tex/latex/oberdiek/kvoptions.sty
Package: kvoptions 2016/05/16 v3.12 Key value format for package options (HO)
)
\@linkdim=\dimen119
\Hy@linkcounter=\count98
\Hy@pagecounter=\count99

(d:/texlive/2018/texmf-dist/tex/latex/hyperref/pd1enc.def
File: pd1enc.def 2018/11/30 v6.88e Hyperref: PDFDocEncoding definition (HO)
Now handling font encoding PD1 ...
... no UTF-8 mapping file for font encoding PD1
)
\Hy@SavedSpaceFactor=\count100

(d:/texlive/2018/texmf-dist/tex/latex/latexconfig/hyperref.cfg
File: hyperref.cfg 2002/06/06 v1.2 hyperref configuration of TeXLive
)
Package hyperref Info: Option `colorlinks' set `true' on input line 4393.
Package hyperref Info: Hyper figures OFF on input line 4519.
Package hyperref Info: Link nesting OFF on input line 4524.
Package hyperref Info: Hyper index ON on input line 4527.
Package hyperref Info: Plain pages OFF on input line 4534.
Package hyperref Info: Backreferencing OFF on input line 4539.
Package hyperref Info: Implicit mode ON; LaTeX internals redefined.
Package hyperref Info: Bookmarks ON on input line 4772.
\c@Hy@tempcnt=\count101

(d:/texlive/2018/texmf-dist/tex/latex/url/url.sty
\Urlmuskip=\muskip10
Package: url 2013/09/16  ver 3.4  Verb mode for urls, etc.
)
LaTeX Info: Redefining \url on input line 5125.
\XeTeXLinkMargin=\dimen120
\Fld@menulength=\count102
\Field@Width=\dimen121
\Fld@charsize=\dimen122
Package hyperref Info: Hyper figures OFF on input line 6380.
Package hyperref Info: Link nesting OFF on input line 6385.
Package hyperref Info: Hyper index ON on input line 6388.
Package hyperref Info: backreferencing OFF on input line 6395.
Package hyperref Info: Link coloring ON on input line 6398.
Package hyperref Info: Link coloring with OCG OFF on input line 6405.
Package hyperref Info: PDF/A mode OFF on input line 6410.
LaTeX Info: Redefining \ref on input line 6450.
LaTeX Info: Redefining \pageref on input line 6454.
\Hy@abspage=\count103
\c@Item=\count104
\c@Hfootnote=\count105
)
Package hyperref Info: Driver (autodetected): hpdftex.

(d:/texlive/2018/texmf-dist/tex/latex/hyperref/hpdftex.def
File: hpdftex.def 2018/11/30 v6.88e Hyperref driver for pdfTeX
\Fld@listcount=\count106
\c@bookmark@seq@number=\count107

(d:/texlive/2018/texmf-dist/tex/latex/oberdiek/rerunfilecheck.sty
Package: rerunfilecheck 2016/05/16 v1.8 Rerun checks for auxiliary files (HO)
Package uniquecounter Info: New unique counter `rerunfilecheck' on input line 2
82.
)
\Hy@SectionHShift=\skip50
))
(./piano_di_progetto.aux)
\openout1 = `piano_di_progetto.aux'.

LaTeX Font Info:    Checking defaults for OML/cmm/m/it on input line 9.
LaTeX Font Info:    ... okay on input line 9.
LaTeX Font Info:    Checking defaults for T1/cmr/m/n on input line 9.
LaTeX Font Info:    ... okay on input line 9.
LaTeX Font Info:    Checking defaults for OT1/cmr/m/n on input line 9.
LaTeX Font Info:    ... okay on input line 9.
LaTeX Font Info:    Checking defaults for OMS/cmsy/m/n on input line 9.
LaTeX Font Info:    ... okay on input line 9.
LaTeX Font Info:    Checking defaults for OMX/cmex/m/n on input line 9.
LaTeX Font Info:    ... okay on input line 9.
LaTeX Font Info:    Checking defaults for U/cmr/m/n on input line 9.
LaTeX Font Info:    ... okay on input line 9.
LaTeX Font Info:    Checking defaults for PD1/pdf/m/n on input line 9.
LaTeX Font Info:    ... okay on input line 9.
Package caption Info: Begin \AtBeginDocument code.
Package caption Info: hyperref package is loaded.
Package caption Info: End \AtBeginDocument code.
LaTeX Info: Redefining \it@ocap on input line 9.
LaTeX Info: Redefining \it@ccap on input line 9.
\AtBeginShipoutBox=\box28

(d:/texlive/2018/texmf-dist/tex/latex/graphics/color.sty
Package: color 2016/07/10 v1.1e Standard LaTeX Color (DPC)

(d:/texlive/2018/texmf-dist/tex/latex/graphics-cfg/color.cfg
File: color.cfg 2016/01/02 v1.6 sample color configuration
)
Package color Info: Driver file: pdftex.def on input line 147.

(d:/texlive/2018/texmf-dist/tex/latex/graphics-def/pdftex.def
File: pdftex.def 2018/01/08 v1.0l Graphics/color driver for pdftex

(d:/texlive/2018/texmf-dist/tex/context/base/mkii/supp-pdf.mkii
[Loading MPS to PDF converter (version 2006.09.02).]
\scratchcounter=\count108
\scratchdimen=\dimen123
\scratchbox=\box29
\nofMPsegments=\count109
\nofMParguments=\count110
\everyMPshowfont=\toks19
\MPscratchCnt=\count111
\MPscratchDim=\dimen124
\MPnumerator=\count112
\makeMPintoPDFobject=\count113
\everyMPtoPDFconversion=\toks20
)))
Package hyperref Info: Link coloring ON on input line 9.
 (d:/texlive/2018/texmf-dist/tex/latex/hyperref/nameref.sty
Package: nameref 2016/05/21 v2.44 Cross-referencing by name of section

(d:/texlive/2018/texmf-dist/tex/generic/oberdiek/gettitlestring.sty
Package: gettitlestring 2016/05/16 v1.5 Cleanup title references (HO)
)
\c@section@level=\count114
)
LaTeX Info: Redefining \ref on input line 9.
LaTeX Info: Redefining \pageref on input line 9.
LaTeX Info: Redefining \nameref on input line 9.

(./piano_di_progetto.out) (./piano_di_progetto.out)
\@outlinefile=\write3
\openout3 = `piano_di_progetto.out'.

LaTeX Font Info:    External font `cmex10' loaded for size
(Font)              <14.4> on input line 11.
LaTeX Font Info:    External font `cmex10' loaded for size
(Font)              <7> on input line 11.
 [1

{d:/texlive/2018/texmf-var/fonts/map/pdftex/updmap/pdftex.map}] (./versionament
o.tex
Underfull \hbox (badness 1509) in paragraph at lines 11--11
\T1/cmr/m/n/12 du-zio-ne e mo-
 []


Underfull \hbox (badness 10000) in paragraph at lines 11--11
[]|\T1/cmr/m/n/12 Creazione
 []


Underfull \hbox (badness 10000) in paragraph at lines 11--11
\T1/cmr/m/n/12 strut-tu-ra del
 []


Overfull \hbox (17.62482pt too wide) in paragraph at lines 11--12
[][] 
 []

[2]) (./piano_di_progetto.toc)
\tf@toc=\write4
\openout4 = `piano_di_progetto.toc'.

 [3] (./introduzione.tex
LaTeX Font Info:    Try loading font information for OMS+cmr on input line 8.

(d:/texlive/2018/texmf-dist/tex/latex/base/omscmr.fd
File: omscmr.fd 2014/09/29 v2.5h Standard LaTeX font definitions
)
LaTeX Font Info:    Font shape `OMS/cmr/m/n' in size <12> not available
(Font)              Font shape `OMS/cmsy/m/n' tried instead on input line 8.
 [4]
LaTeX Font Info:    Try loading font information for T1+cmtt on input line 29.

(d:/texlive/2018/texmf-dist/tex/latex/base/t1cmtt.fd
File: t1cmtt.fd 2014/09/29 v2.5h Standard LaTeX font definitions
) [5])
(./analisi_rischi.tex
Underfull \hbox (badness 10000) in paragraph at lines 19--19
[]|\T1/cmr/bx/n/12 Descrizione
 []


Underfull \hbox (badness 10000) in paragraph at lines 19--19
[]|\T1/cmr/bx/n/12 Risposta
 []


Underfull \hbox (badness 10000) in paragraph at lines 19--19
[]|\T1/cmr/m/n/12 Errata sti-ma
 []


Underfull \hbox (badness 10000) in paragraph at lines 19--19
\T1/cmr/m/n/12 del-la du-ra-ta
 []


Underfull \hbox (badness 10000) in paragraph at lines 19--19
[]|\T1/cmr/m/n/12 Considerare
 []


Underfull \hbox (badness 4084) in paragraph at lines 19--19
[]|\T1/cmr/m/n/12 Conflitti in-ter-
 []


Underfull \hbox (badness 5388) in paragraph at lines 19--19
[]|\T1/cmr/m/n/12 Team buil-ding
 []


Underfull \hbox (badness 3826) in paragraph at lines 19--19
\T1/cmr/m/n/12 so-cia-le e con-
 []


Underfull \hbox (badness 4569) in paragraph at lines 19--19
[]|\T1/cmr/m/n/12 Sottostima del
 []


Underfull \hbox (badness 10000) in paragraph at lines 19--19
\T1/cmr/m/n/12 per l'ap-pren-
 []


Underfull \hbox (badness 10000) in paragraph at lines 19--19
\T1/cmr/m/n/12 di-men-to di
 []


Underfull \hbox (badness 6125) in paragraph at lines 19--19
\T1/cmr/m/n/12 nuo-ve tec-no-lo-
 []


Underfull \hbox (badness 10000) in paragraph at lines 19--19
\T1/cmr/m/n/12 gie (Gi-tHub,
 []


Underfull \hbox (badness 7814) in paragraph at lines 19--19
[]|\T1/cmr/m/n/12 Confronto con
 []


Underfull \hbox (badness 3792) in paragraph at lines 19--19
[]|\T1/cmr/m/n/12 Problemi Soft-
 []


Underfull \hbox (badness 5878) in paragraph at lines 19--19
\T1/cmr/m/n/12 ware di ter-ze
 []


Underfull \hbox (badness 10000) in paragraph at lines 19--19
[]|\T1/cmr/m/n/12 Ridefinizione
 []


Underfull \hbox (badness 10000) in paragraph at lines 3--22

 []


Underfull \hbox (badness 10000) in paragraph at lines 3--22

 []

[6])
Underfull \hbox (badness 10000) in paragraph at lines 37--24

 []


Underfull \hbox (badness 10000) in paragraph at lines 37--24

 []

(./modello_sviluppo.tex) (./pianificazione.tex) (./preventivo.tex)
(./consuntivo.tex)
Package atveryend Info: Empty hook `BeforeClearDocument' on input line 41.
 [7]
Package atveryend Info: Empty hook `AfterLastShipout' on input line 41.
 (./piano_di_progetto.aux)
Package atveryend Info: Executing hook `AtVeryEndDocument' on input line 41.
Package atveryend Info: Executing hook `AtEndAfterFileList' on input line 41.
Package rerunfilecheck Info: File `piano_di_progetto.out' has not changed.
(rerunfilecheck)             Checksum: 39C0A45121CAB9FFF90B1C9ABD953634;991.
 ) 
Here is how much of TeX's memory you used:
 7208 strings out of 492639
 107181 string characters out of 6133088
 208408 words of memory out of 5000000
 10990 multiletter control sequences out of 15000+600000
 15520 words of font info for 38 fonts, out of 8000000 for 9000
 1141 hyphenation exceptions out of 8191
 38i,9n,38p,833b,394s stack positions out of 5000i,500n,10000p,200000b,80000s
{d:/texlive/2018/texmf-dist/fonts/enc/dvips/cm-super/cm-super-t1.enc}<d:/texl
ive/2018/texmf-dist/fonts/type1/public/amsfonts/cm/cmr12.pfb><d:/texlive/2018/t
exmf-dist/fonts/type1/public/amsfonts/cm/cmsy10.pfb><d:/texlive/2018/texmf-dist
/fonts/type1/public/cm-super/sfbx1200.pfb><d:/texlive/2018/texmf-dist/fonts/typ
e1/public/cm-super/sfbx1440.pfb><d:/texlive/2018/texmf-dist/fonts/type1/public/
cm-super/sfbx1728.pfb><d:/texlive/2018/texmf-dist/fonts/type1/public/cm-super/s
frm0800.pfb><d:/texlive/2018/texmf-dist/fonts/type1/public/cm-super/sfrm1200.pf
b><d:/texlive/2018/texmf-dist/fonts/type1/public/cm-super/sfrm2488.pfb><d:/texl
ive/2018/texmf-dist/fonts/type1/public/cm-super/sfti1200.pfb><d:/texlive/2018/t
exmf-dist/fonts/type1/public/cm-super/sftt1200.pfb>
Output written on piano_di_progetto.pdf (7 pages, 160158 bytes).
PDF statistics:
 172 PDF objects out of 1000 (max. 8388607)
 151 compressed objects within 2 object streams
 25 named destinations out of 1000 (max. 500000)
 129 words of extra memory for PDF output out of 10000 (max. 10000000)

